<?xml version="1.0" encoding="UTF-8"?>
<testng-results skipped="0" failed="0" total="1" passed="1">
  <reporter-output>
  </reporter-output>
  <suite name="Default suite" duration-ms="61882" started-at="2018-06-13T06:57:47Z" finished-at="2018-06-13T06:58:49Z">
    <groups>
    </groups>
    <test name="Default test" duration-ms="61882" started-at="2018-06-13T06:57:47Z" finished-at="2018-06-13T06:58:49Z">
      <class name="Auto">
        <test-method status="PASS" signature="Autox()[pri:0, instance:Auto@be83e4]" name="Autox" is-config="true" duration-ms="36428" started-at="2018-06-13T08:57:47Z" finished-at="2018-06-13T08:58:24Z">
          <reporter-output>
          </reporter-output>
        </test-method> <!-- Autox -->
        <test-method status="PASS" signature="mx()[pri:0, instance:Auto@be83e4]" name="mx" duration-ms="25404" started-at="2018-06-13T08:58:24Z" finished-at="2018-06-13T08:58:49Z">
          <reporter-output>
          </reporter-output>
        </test-method> <!-- mx -->
      </class> <!-- Auto -->
    </test> <!-- Default test -->
  </suite> <!-- Default suite -->
</testng-results>
